# JRE version: Java(TM) SE Runtime Environment (11.0.1+13) (build 11.0.1+13-LTS)
# Java VM: Java HotSpot(TM) 64-Bit Server VM (11.0.1+13-LTS, mixed mode, tiered, compressed oops, g1 gc, bsd-amd64)
Heap:
 garbage-first heap   total 131072K, used 63889K [0x0000000780000000, 0x0000000800000000)
  region size 1024K, 59 young (60416K), 7 survivors (7168K)
 Metaspace       used 30419K, capacity 31073K, committed 31664K, reserved 1077248K
  class space    used 3273K, capacity 3489K, committed 3584K, reserved 1048576K
GC Heap History (10 events):
Event: 1.655 GC heap after
{Heap after GC invocations=2 (full 0):
 garbage-first heap   total 131072K, used 3492K [0x0000000780000000, 0x0000000800000000)
  region size 1024K, 1 young (1024K), 1 survivors (1024K)
 Metaspace       used 12506K, capacity 12671K, committed 12928K, reserved 1060864K
  class space    used 1261K, capacity 1350K, committed 1408K, reserved 1048576K
}
Event: 2.335 GC heap before
{Heap before GC invocations=2 (full 0):
 garbage-first heap   total 131072K, used 32164K [0x0000000780000000, 0x0000000800000000)
  region size 1024K, 29 young (29696K), 1 survivors (1024K)
 Metaspace       used 16126K, capacity 16400K, committed 16768K, reserved 1064960K
  class space    used 1716K, capacity 1843K, committed 1920K, reserved 1048576K
}
Event: 2.339 GC heap after
{Heap after GC invocations=3 (full 0):
 garbage-first heap   total 131072K, used 4630K [0x0000000780000000, 0x0000000800000000)
  region size 1024K, 2 young (2048K), 2 survivors (2048K)
 Metaspace       used 16126K, capacity 16400K, committed 16768K, reserved 1064960K
  class space    used 1716K, capacity 1843K, committed 1920K, reserved 1048576K
}
Event: 3.594 GC heap before
{Heap before GC invocations=3 (full 0):
 garbage-first heap   total 131072K, used 54806K [0x0000000780000000, 0x0000000800000000)
  region size 1024K, 51 young (52224K), 2 survivors (2048K)
 Metaspace       used 20564K, capacity 20862K, committed 21296K, reserved 1069056K
  class space    used 2185K, capacity 2315K, committed 2432K, reserved 1048576K
}
Event: 3.606 GC heap after
{Heap after GC invocations=4 (full 0):
 garbage-first heap   total 131072K, used 8063K [0x0000000780000000, 0x0000000800000000)
  region size 1024K, 5 young (5120K), 5 survivors (5120K)
 Metaspace       used 20564K, capacity 20862K, committed 21296K, reserved 1069056K
  class space    used 2185K, capacity 2315K, committed 2432K, reserved 1048576K
}
Event: 3.608 GC heap before
{Heap before GC invocations=4 (full 0):
 garbage-first heap   total 131072K, used 8063K [0x0000000780000000, 0x0000000800000000)
  region size 1024K, 6 young (6144K), 5 survivors (5120K)
 Metaspace       used 20565K, capacity 20862K, committed 21296K, reserved 1069056K
  class space    used 2185K, capacity 2315K, committed 2432K, reserved 1048576K
}
Event: 3.620 GC heap after
{Heap after GC invocations=5 (full 0):
 garbage-first heap   total 131072K, used 8490K [0x0000000780000000, 0x0000000800000000)
  region size 1024K, 4 young (4096K), 4 survivors (4096K)
 Metaspace       used 20565K, capacity 20862K, committed 21296K, reserved 1069056K
  class space    used 2185K, capacity 2315K, committed 2432K, reserved 1048576K
}
Event: 4.189 GC heap before
{Heap before GC invocations=6 (full 0):
 garbage-first heap   total 131072K, used 57642K [0x0000000780000000, 0x0000000800000000)
  region size 1024K, 52 young (53248K), 4 survivors (4096K)
 Metaspace       used 21623K, capacity 21979K, committed 22320K, reserved 1069056K
  class space    used 2264K, capacity 2388K, committed 2432K, reserved 1048576K
}
Event: 4.202 GC heap after
{Heap after GC invocations=7 (full 0):
 garbage-first heap   total 131072K, used 10641K [0x0000000780000000, 0x0000000800000000)
  region size 1024K, 3 young (3072K), 3 survivors (3072K)
 Metaspace       used 21623K, capacity 21979K, committed 22320K, reserved 1069056K
  class space    used 2264K, capacity 2388K, committed 2432K, reserved 1048576K
}
Event: 5.386 GC heap before
{Heap before GC invocations=7 (full 0):
 garbage-first heap   total 131072K, used 63889K [0x0000000780000000, 0x0000000800000000)
  region size 1024K, 55 young (56320K), 3 survivors (3072K)
 Metaspace       used 30419K, capacity 31073K, committed 31664K, reserved 1077248K
  class space    used 3273K, capacity 3489K, committed 3584K, reserved 1048576K
}

